<?xml version="1.0" encoding="UTF-8"?>
<!-- Generated by org.testng.reporters.JUnitXMLReporter -->
<testsuite hostname="Karthik" ignored="0" name="Default test" tests="2" failures="0" timestamp="2020-11-27T15:19:30 IST" time="40.57" errors="0">
  <testcase name="Tc019_verify_Users_deletion_link" time="18.356" classname="web_tests.Test_Users_Updation"/>
  <testcase name="Tc020_Verify_User_updation_link" time="0.654" classname="web_tests.Test_Users_Updation"/>
</testsuite> <!-- Default test -->
