<?xml version="1.0" encoding="UTF-8"?>
<!-- Generated by org.testng.reporters.JUnitXMLReporter -->
<testsuite hostname="Karthik" ignored="0" name="Default test" tests="3" failures="0" timestamp="2020-11-20T16:08:45 IST" time="52.348" errors="0">
  <testcase name="Tc010_Admin_Create_New_Employee_Valid" time="11.708" classname="web_tests.Test_Employer"/>
  <testcase name="Tc011_Admin_Create_New_Employee_Invalid" time="8.409" classname="web_tests.Test_Employer"/>
  <testcase name="Tc012_Admin_Create_New_Employee_Blank" time="15.299" classname="web_tests.Test_Employer"/>
</testsuite> <!-- Default test -->
