<?xml version="1.0" encoding="UTF-8"?>
<testng-results skipped="0" failed="0" ignored="0" total="2" passed="2">
  <reporter-output>
  </reporter-output>
  <suite name="Default suite" duration-ms="40570" started-at="2020-11-27T15:18:50 IST" finished-at="2020-11-27T15:19:30 IST">
    <groups>
    </groups>
    <test name="Default test" duration-ms="40570" started-at="2020-11-27T15:18:50 IST" finished-at="2020-11-27T15:19:30 IST">
      <class name="web_tests.Test_Users_Updation">
        <test-method status="PASS" signature="beforeClass()[pri:0, instance:web_tests.Test_Users_Updation@3a883ce7]" name="beforeClass" is-config="true" duration-ms="6006" started-at="2020-11-27T15:18:50 IST" finished-at="2020-11-27T15:18:56 IST">
          <reporter-output>
          </reporter-output>
        </test-method> <!-- beforeClass -->
        <test-method status="PASS" signature="Tc019_verify_Users_deletion_link()[pri:0, instance:web_tests.Test_Users_Updation@3a883ce7]" name="Tc019_verify_Users_deletion_link" duration-ms="18356" started-at="2020-11-27T15:18:56 IST" finished-at="2020-11-27T15:19:14 IST">
          <reporter-output>
          </reporter-output>
        </test-method> <!-- Tc019_verify_Users_deletion_link -->
        <test-method status="PASS" signature="afterMethod(java.lang.reflect.Method)[pri:0, instance:web_tests.Test_Users_Updation@3a883ce7]" name="afterMethod" is-config="true" duration-ms="283" started-at="2020-11-27T15:19:14 IST" finished-at="2020-11-27T15:19:14 IST">
          <params>
            <param index="0">
              <value>
                <![CDATA[public void web_tests.Test_Users_Updation.Tc019_verify_Users_deletion_link() throws java.lang.Exception]]>
              </value>
            </param>
          </params>
          <reporter-output>
          </reporter-output>
        </test-method> <!-- afterMethod -->
        <test-method status="PASS" signature="Tc020_Verify_User_updation_link()[pri:1, instance:web_tests.Test_Users_Updation@3a883ce7]" name="Tc020_Verify_User_updation_link" duration-ms="654" started-at="2020-11-27T15:19:14 IST" finished-at="2020-11-27T15:19:15 IST">
          <reporter-output>
          </reporter-output>
        </test-method> <!-- Tc020_Verify_User_updation_link -->
        <test-method status="PASS" signature="afterMethod(java.lang.reflect.Method)[pri:0, instance:web_tests.Test_Users_Updation@3a883ce7]" name="afterMethod" is-config="true" duration-ms="145" started-at="2020-11-27T15:19:15 IST" finished-at="2020-11-27T15:19:15 IST">
          <params>
            <param index="0">
              <value>
                <![CDATA[public void web_tests.Test_Users_Updation.Tc020_Verify_User_updation_link()]]>
              </value>
            </param>
          </params>
          <reporter-output>
          </reporter-output>
        </test-method> <!-- afterMethod -->
        <test-method status="PASS" signature="afterClass()[pri:0, instance:web_tests.Test_Users_Updation@3a883ce7]" name="afterClass" is-config="true" duration-ms="15086" started-at="2020-11-27T15:19:15 IST" finished-at="2020-11-27T15:19:30 IST">
          <reporter-output>
          </reporter-output>
        </test-method> <!-- afterClass -->
      </class> <!-- web_tests.Test_Users_Updation -->
    </test> <!-- Default test -->
  </suite> <!-- Default suite -->
</testng-results>
